<?xml version="1.0" encoding="UTF-8"?>
<!-- Generated by org.testng.reporters.JUnitReportReporter -->
<testsuite skipped="0" hostname="Alexanders-MacBook-Pro.local" name="tests.SwitchesTest" tests="1" failures="0" timestamp="17 Jan 2020 09:18:07 GMT" time="16.450" errors="0">
  <testcase name="swichesTest" time="16.450" classname="tests.SwitchesTest"/>
</testsuite> <!-- tests.SwitchesTest -->
