<?xml version="1.0" encoding="UTF-8"?>
<!-- Generated by org.testng.reporters.JUnitReportReporter -->
<testsuite skipped="0" hostname="Alexanders-MacBook-Pro.local" name="tests.ActionSheetsTest" tests="1" failures="0" timestamp="14 Jan 2020 08:10:53 GMT" time="3.059" errors="0">
  <testcase name="dialogWindowTest" time="3.059" classname="tests.ActionSheetsTest"/>
</testsuite> <!-- tests.ActionSheetsTest -->
