<?xml version="1.0" encoding="UTF-8"?>
<!-- Generated by org.testng.reporters.JUnitReportReporter -->
<testsuite skipped="0" hostname="Alexanders-MacBook-Pro.local" name="tests.DatePickerTest" tests="1" failures="0" timestamp="14 Jan 2020 08:32:40 GMT" time="36.390" errors="0">
  <testcase name="setDateTest" time="36.390" classname="tests.DatePickerTest"/>
</testsuite> <!-- tests.DatePickerTest -->
