<?xml version="1.0" encoding="UTF-8"?>
<!-- Generated by org.testng.reporters.JUnitReportReporter -->
<testsuite skipped="0" hostname="Alexanders-MacBook-Pro.local" name="tests.ButtonTest" tests="2" failures="0" timestamp="17 Jan 2020 04:54:04 GMT" time="26.201" errors="0">
  <testcase name="buttonScreenIsOpened" time="12.606" classname="tests.ButtonTest"/>
  <testcase name="alertScreenIsOpened" time="13.595" classname="tests.ButtonTest"/>
</testsuite> <!-- tests.ButtonTest -->
