<?xml version="1.0" encoding="UTF-8"?>
<!-- Generated by org.testng.reporters.JUnitReportReporter -->
<testsuite skipped="0" hostname="Alexanders-MBP.Dlink" name="tests.ButtonTest" tests="2" failures="0" timestamp="08 Jan 2020 13:27:44 GMT" time="29.365" errors="0">
  <testcase name="buttonScreenIsOpened" time="15.014" classname="tests.ButtonTest"/>
  <testcase name="alertScreenIsOpened" time="14.351" classname="tests.ButtonTest"/>
</testsuite> <!-- tests.ButtonTest -->
