<?xml version="1.0" encoding="UTF-8"?>
<!-- Generated by org.testng.reporters.JUnitReportReporter -->
<testsuite skipped="0" hostname="Alexanders-MacBook-Pro.local" name="tests.SteppersTest" tests="1" failures="0" timestamp="17 Jan 2020 09:17:14 GMT" time="19.601" errors="0">
  <testcase name="stepperTest" time="19.601" classname="tests.SteppersTest"/>
</testsuite> <!-- tests.SteppersTest -->
