<?xml version="1.0" encoding="UTF-8"?>
<!-- Generated by org.testng.reporters.JUnitReportReporter -->
<testsuite skipped="0" hostname="Alexanders-MacBook-Pro.local" name="tests.SwipeTest" tests="1" failures="0" timestamp="14 Jan 2020 07:37:43 GMT" time="1.455" errors="0">
  <testcase name="swipeTest" time="1.455" classname="tests.SwipeTest"/>
</testsuite> <!-- tests.SwipeTest -->
