<?xml version="1.0" encoding="UTF-8"?>
<!-- Generated by org.testng.reporters.JUnitReportReporter -->
<testsuite skipped="0" hostname="Alexanders-MacBook-Pro.local" name="tests.DialogWindowsTest" tests="1" failures="0" timestamp="14 Jan 2020 08:01:25 GMT" time="23.344" errors="0">
  <testcase name="dialogWindowTest" time="23.344" classname="tests.DialogWindowsTest"/>
</testsuite> <!-- tests.DialogWindowsTest -->
